2018-02-23 22:53:59,262 - Initializing Velocity, Calling init()...
2018-02-23 22:53:59,262 - Starting Apache Velocity v1.7 (compiled: 2010-11-19 12:14:37)
2018-02-23 22:53:59,262 - Default Properties File: org\apache\velocity\runtime\defaults\velocity.properties
2018-02-23 22:53:59,262 - Trying to use logger class org.apache.velocity.runtime.log.AvalonLogChute
2018-02-23 22:53:59,263 - Target log system for org.apache.velocity.runtime.log.AvalonLogChute is not available (java.lang.NoClassDefFoundError: org/apache/log/format/Formatter).  Falling back to next log system...
2018-02-23 22:53:59,263 - Trying to use logger class org.apache.velocity.runtime.log.Log4JLogChute
2018-02-23 22:53:59,263 - Using logger class org.apache.velocity.runtime.log.Log4JLogChute
2018-02-23 22:53:59,274 - ResourceLoader instantiated: org.apache.velocity.runtime.resource.loader.ClasspathResourceLoader
2018-02-23 22:53:59,313 - ResourceCache: initialized (class org.apache.velocity.runtime.resource.ResourceCacheImpl) with class java.util.Collections$SynchronizedMap cache map.
2018-02-23 22:53:59,316 - Loaded System Directive: org.apache.velocity.runtime.directive.Stop
2018-02-23 22:53:59,317 - Loaded System Directive: org.apache.velocity.runtime.directive.Define
2018-02-23 22:53:59,319 - Loaded System Directive: org.apache.velocity.runtime.directive.Break
2018-02-23 22:53:59,320 - Loaded System Directive: org.apache.velocity.runtime.directive.Evaluate
2018-02-23 22:53:59,321 - Loaded System Directive: org.apache.velocity.runtime.directive.Literal
2018-02-23 22:53:59,322 - Loaded System Directive: org.apache.velocity.runtime.directive.Macro
2018-02-23 22:53:59,324 - Loaded System Directive: org.apache.velocity.runtime.directive.Parse
2018-02-23 22:53:59,326 - Loaded System Directive: org.apache.velocity.runtime.directive.Include
2018-02-23 22:53:59,327 - Loaded System Directive: org.apache.velocity.runtime.directive.Foreach
2018-02-23 22:53:59,418 - Created '20' parsers.
2018-02-23 22:53:59,426 - Velocimacro : "velocimacro.library" is not set.  Trying default library: VM_global_library.vm
2018-02-23 22:53:59,427 - Could not load resource 'VM_global_library.vm' from ResourceLoader org.apache.velocity.runtime.resource.loader.ClasspathResourceLoader: ClasspathResourceLoader Error: cannot find resource VM_global_library.vm
2018-02-23 22:53:59,427 - Velocimacro : Default library not found.
2018-02-23 22:53:59,427 - Velocimacro : allowInline = true : VMs can be defined inline in templates
2018-02-23 22:53:59,427 - Velocimacro : allowInlineToOverride = false : VMs defined inline may NOT replace previous VM definitions
2018-02-23 22:53:59,427 - Velocimacro : allowInlineLocal = false : VMs defined inline will be global in scope if allowed.
2018-02-23 22:53:59,427 - Velocimacro : autoload off : VM system will not automatically reload global library macros
2018-02-23 22:53:59,523 - ResourceManager : found templates/generators/featuresOverview.vm with loader org.apache.velocity.runtime.resource.loader.ClasspathResourceLoader
2018-02-23 22:53:59,560 - ResourceManager : found /templates/headers.vm with loader org.apache.velocity.runtime.resource.loader.ClasspathResourceLoader
2018-02-23 22:53:59,561 - ResourceManager : found /templates/head.html with loader org.apache.velocity.runtime.resource.loader.ClasspathResourceLoader
2018-02-23 22:53:59,566 - Velocimacro : added VM includeTitle: source=/templates/macros/page/title.vm
2018-02-23 22:53:59,566 - ResourceManager : found /templates/macros/page/title.vm with loader org.apache.velocity.runtime.resource.loader.ClasspathResourceLoader
2018-02-23 22:53:59,577 - Velocimacro : added VM includeNavigation: source=/templates/macros/page/navigation.vm
2018-02-23 22:53:59,577 - ResourceManager : found /templates/macros/page/navigation.vm with loader org.apache.velocity.runtime.resource.loader.ClasspathResourceLoader
2018-02-23 22:53:59,579 - Velocimacro : added VM includeBuildInfo: source=/templates/macros/page/buildinfo.vm
2018-02-23 22:53:59,579 - ResourceManager : found /templates/macros/page/buildinfo.vm with loader org.apache.velocity.runtime.resource.loader.ClasspathResourceLoader
2018-02-23 22:53:59,581 - Velocimacro : added VM includeLead: source=/templates/macros/page/lead.vm
2018-02-23 22:53:59,581 - ResourceManager : found /templates/macros/page/lead.vm with loader org.apache.velocity.runtime.resource.loader.ClasspathResourceLoader
2018-02-23 22:53:59,589 - Velocimacro : added VM includeStatsTable: source=/templates/macros/report/statsTable.vm
2018-02-23 22:53:59,589 - ResourceManager : found /templates/macros/report/statsTable.vm with loader org.apache.velocity.runtime.resource.loader.ClasspathResourceLoader
2018-02-23 22:53:59,593 - Velocimacro : added VM includeReportTable: source=/templates/macros/report/reportTable.vm
2018-02-23 22:53:59,593 - ResourceManager : found /templates/macros/report/reportTable.vm with loader org.apache.velocity.runtime.resource.loader.ClasspathResourceLoader
2018-02-23 22:53:59,595 - Velocimacro : added VM includeReportHeader: source=/templates/macros/report/reportHeader.vm
2018-02-23 22:53:59,595 - ResourceManager : found /templates/macros/report/reportHeader.vm with loader org.apache.velocity.runtime.resource.loader.ClasspathResourceLoader
2018-02-23 22:53:59,603 - Velocimacro : added VM includeElements: source=/templates/macros/report/elements.vm
2018-02-23 22:53:59,603 - ResourceManager : found /templates/macros/report/elements.vm with loader org.apache.velocity.runtime.resource.loader.ClasspathResourceLoader
2018-02-23 22:53:59,605 - Velocimacro : added VM includeBrief: source=/templates/macros/report/brief.vm
2018-02-23 22:53:59,607 - ResourceManager : found /templates/macros/report/brief.vm with loader org.apache.velocity.runtime.resource.loader.ClasspathResourceLoader
2018-02-23 22:53:59,611 - Velocimacro : added VM includeTags: source=/templates/macros/report/tags.vm
2018-02-23 22:53:59,611 - ResourceManager : found /templates/macros/report/tags.vm with loader org.apache.velocity.runtime.resource.loader.ClasspathResourceLoader
2018-02-23 22:53:59,620 - Velocimacro : added VM includeEmbeddings: source=/templates/macros/report/embeddings.vm
2018-02-23 22:53:59,620 - Velocimacro : added VM includeImageEmbedding: source=/templates/macros/report/embeddings.vm
2018-02-23 22:53:59,621 - Velocimacro : added VM includeMonochromeTextEmbedding: source=/templates/macros/report/embeddings.vm
2018-02-23 22:53:59,621 - Velocimacro : added VM includePlainTextEmbedding: source=/templates/macros/report/embeddings.vm
2018-02-23 22:53:59,621 - Velocimacro : added VM includeUnknownEmbedding: source=/templates/macros/report/embeddings.vm
2018-02-23 22:53:59,622 - Velocimacro : added VM includeExpandableEmbedding: source=/templates/macros/report/embeddings.vm
2018-02-23 22:53:59,622 - ResourceManager : found /templates/macros/report/embeddings.vm with loader org.apache.velocity.runtime.resource.loader.ClasspathResourceLoader
2018-02-23 22:53:59,625 - Velocimacro : added VM includeHooks: source=/templates/macros/report/hooks.vm
2018-02-23 22:53:59,625 - ResourceManager : found /templates/macros/report/hooks.vm with loader org.apache.velocity.runtime.resource.loader.ClasspathResourceLoader
2018-02-23 22:53:59,626 - Velocimacro : added VM includeDuration: source=/templates/macros/report/duration.vm
2018-02-23 22:53:59,627 - ResourceManager : found /templates/macros/report/duration.vm with loader org.apache.velocity.runtime.resource.loader.ClasspathResourceLoader
2018-02-23 22:53:59,628 - Velocimacro : added VM includeMessage: source=/templates/macros/report/message.vm
2018-02-23 22:53:59,628 - ResourceManager : found /templates/macros/report/message.vm with loader org.apache.velocity.runtime.resource.loader.ClasspathResourceLoader
2018-02-23 22:53:59,854 - ResourceManager : found /templates/footer.html with loader org.apache.velocity.runtime.resource.loader.ClasspathResourceLoader
2018-02-23 22:53:59,860 - Log4JLogChute initialized using file '.\Reports\GeneratdReports\Sandbox\2018-02-23\velocity.log'
2018-02-23 22:53:59,860 - Initializing Velocity, Calling init()...
2018-02-23 22:53:59,860 - Starting Apache Velocity v1.7 (compiled: 2010-11-19 12:14:37)
2018-02-23 22:53:59,860 - Default Properties File: org\apache\velocity\runtime\defaults\velocity.properties
2018-02-23 22:53:59,860 - Trying to use logger class org.apache.velocity.runtime.log.AvalonLogChute
2018-02-23 22:53:59,860 - Target log system for org.apache.velocity.runtime.log.AvalonLogChute is not available (java.lang.NoClassDefFoundError: org/apache/log/format/Formatter).  Falling back to next log system...
2018-02-23 22:53:59,860 - Trying to use logger class org.apache.velocity.runtime.log.Log4JLogChute
2018-02-23 22:53:59,860 - Using logger class org.apache.velocity.runtime.log.Log4JLogChute
2018-02-23 22:53:59,861 - ResourceLoader instantiated: org.apache.velocity.runtime.resource.loader.ClasspathResourceLoader
2018-02-23 22:53:59,861 - ResourceCache: initialized (class org.apache.velocity.runtime.resource.ResourceCacheImpl) with class java.util.Collections$SynchronizedMap cache map.
2018-02-23 22:53:59,861 - Loaded System Directive: org.apache.velocity.runtime.directive.Stop
2018-02-23 22:53:59,862 - Loaded System Directive: org.apache.velocity.runtime.directive.Define
2018-02-23 22:53:59,862 - Loaded System Directive: org.apache.velocity.runtime.directive.Break
2018-02-23 22:53:59,862 - Loaded System Directive: org.apache.velocity.runtime.directive.Evaluate
2018-02-23 22:53:59,862 - Loaded System Directive: org.apache.velocity.runtime.directive.Literal
2018-02-23 22:53:59,862 - Loaded System Directive: org.apache.velocity.runtime.directive.Macro
2018-02-23 22:53:59,862 - Loaded System Directive: org.apache.velocity.runtime.directive.Parse
2018-02-23 22:53:59,862 - Loaded System Directive: org.apache.velocity.runtime.directive.Include
2018-02-23 22:53:59,862 - Loaded System Directive: org.apache.velocity.runtime.directive.Foreach
2018-02-23 22:53:59,863 - Created '20' parsers.
2018-02-23 22:53:59,863 - Velocimacro : "velocimacro.library" is not set.  Trying default library: VM_global_library.vm
2018-02-23 22:53:59,864 - Could not load resource 'VM_global_library.vm' from ResourceLoader org.apache.velocity.runtime.resource.loader.ClasspathResourceLoader: ClasspathResourceLoader Error: cannot find resource VM_global_library.vm
2018-02-23 22:53:59,864 - Velocimacro : Default library not found.
2018-02-23 22:53:59,864 - Velocimacro : allowInline = true : VMs can be defined inline in templates
2018-02-23 22:53:59,864 - Velocimacro : allowInlineToOverride = false : VMs defined inline may NOT replace previous VM definitions
2018-02-23 22:53:59,864 - Velocimacro : allowInlineLocal = false : VMs defined inline will be global in scope if allowed.
2018-02-23 22:53:59,864 - Velocimacro : autoload off : VM system will not automatically reload global library macros
2018-02-23 22:53:59,867 - ResourceManager : found templates/generators/featureReport.vm with loader org.apache.velocity.runtime.resource.loader.ClasspathResourceLoader
2018-02-23 22:53:59,896 - ResourceManager : found /templates/headers.vm with loader org.apache.velocity.runtime.resource.loader.ClasspathResourceLoader
2018-02-23 22:53:59,896 - ResourceManager : found /templates/head.html with loader org.apache.velocity.runtime.resource.loader.ClasspathResourceLoader
2018-02-23 22:53:59,897 - Velocimacro : added VM includeTitle: source=/templates/macros/page/title.vm
2018-02-23 22:53:59,898 - ResourceManager : found /templates/macros/page/title.vm with loader org.apache.velocity.runtime.resource.loader.ClasspathResourceLoader
2018-02-23 22:53:59,899 - Velocimacro : added VM includeNavigation: source=/templates/macros/page/navigation.vm
2018-02-23 22:53:59,899 - ResourceManager : found /templates/macros/page/navigation.vm with loader org.apache.velocity.runtime.resource.loader.ClasspathResourceLoader
2018-02-23 22:53:59,900 - Velocimacro : added VM includeBuildInfo: source=/templates/macros/page/buildinfo.vm
2018-02-23 22:53:59,901 - ResourceManager : found /templates/macros/page/buildinfo.vm with loader org.apache.velocity.runtime.resource.loader.ClasspathResourceLoader
2018-02-23 22:53:59,902 - Velocimacro : added VM includeLead: source=/templates/macros/page/lead.vm
2018-02-23 22:53:59,902 - ResourceManager : found /templates/macros/page/lead.vm with loader org.apache.velocity.runtime.resource.loader.ClasspathResourceLoader
2018-02-23 22:53:59,906 - Velocimacro : added VM includeStatsTable: source=/templates/macros/report/statsTable.vm
2018-02-23 22:53:59,906 - ResourceManager : found /templates/macros/report/statsTable.vm with loader org.apache.velocity.runtime.resource.loader.ClasspathResourceLoader
2018-02-23 22:53:59,909 - Velocimacro : added VM includeReportTable: source=/templates/macros/report/reportTable.vm
2018-02-23 22:53:59,909 - ResourceManager : found /templates/macros/report/reportTable.vm with loader org.apache.velocity.runtime.resource.loader.ClasspathResourceLoader
2018-02-23 22:53:59,910 - Velocimacro : added VM includeReportHeader: source=/templates/macros/report/reportHeader.vm
2018-02-23 22:53:59,911 - ResourceManager : found /templates/macros/report/reportHeader.vm with loader org.apache.velocity.runtime.resource.loader.ClasspathResourceLoader
2018-02-23 22:53:59,924 - Velocimacro : added VM includeElements: source=/templates/macros/report/elements.vm
2018-02-23 22:53:59,925 - ResourceManager : found /templates/macros/report/elements.vm with loader org.apache.velocity.runtime.resource.loader.ClasspathResourceLoader
2018-02-23 22:53:59,928 - Velocimacro : added VM includeBrief: source=/templates/macros/report/brief.vm
2018-02-23 22:53:59,928 - ResourceManager : found /templates/macros/report/brief.vm with loader org.apache.velocity.runtime.resource.loader.ClasspathResourceLoader
2018-02-23 22:53:59,937 - Velocimacro : added VM includeTags: source=/templates/macros/report/tags.vm
2018-02-23 22:53:59,937 - ResourceManager : found /templates/macros/report/tags.vm with loader org.apache.velocity.runtime.resource.loader.ClasspathResourceLoader
2018-02-23 22:53:59,940 - Velocimacro : added VM includeEmbeddings: source=/templates/macros/report/embeddings.vm
2018-02-23 22:53:59,942 - Velocimacro : added VM includeImageEmbedding: source=/templates/macros/report/embeddings.vm
2018-02-23 22:53:59,942 - Velocimacro : added VM includeMonochromeTextEmbedding: source=/templates/macros/report/embeddings.vm
2018-02-23 22:53:59,943 - Velocimacro : added VM includePlainTextEmbedding: source=/templates/macros/report/embeddings.vm
2018-02-23 22:53:59,943 - Velocimacro : added VM includeUnknownEmbedding: source=/templates/macros/report/embeddings.vm
2018-02-23 22:53:59,943 - Velocimacro : added VM includeExpandableEmbedding: source=/templates/macros/report/embeddings.vm
2018-02-23 22:53:59,943 - ResourceManager : found /templates/macros/report/embeddings.vm with loader org.apache.velocity.runtime.resource.loader.ClasspathResourceLoader
2018-02-23 22:53:59,946 - Velocimacro : added VM includeHooks: source=/templates/macros/report/hooks.vm
2018-02-23 22:53:59,946 - ResourceManager : found /templates/macros/report/hooks.vm with loader org.apache.velocity.runtime.resource.loader.ClasspathResourceLoader
2018-02-23 22:53:59,948 - Velocimacro : added VM includeDuration: source=/templates/macros/report/duration.vm
2018-02-23 22:53:59,948 - ResourceManager : found /templates/macros/report/duration.vm with loader org.apache.velocity.runtime.resource.loader.ClasspathResourceLoader
2018-02-23 22:53:59,955 - Velocimacro : added VM includeMessage: source=/templates/macros/report/message.vm
2018-02-23 22:53:59,956 - ResourceManager : found /templates/macros/report/message.vm with loader org.apache.velocity.runtime.resource.loader.ClasspathResourceLoader
2018-02-23 22:53:59,958 - VM #includeNavigation: too few arguments to macro. Wanted 1 got 0
2018-02-23 22:53:59,959 - Left side ($active_tab) of '==' operation has null value. If it is a reference, it may not be in the context or its toString() returned null. /templates/macros/page/navigation.vm[line 14, column 51]
2018-02-23 22:53:59,960 - Left side ($active_tab) of '==' operation has null value. If it is a reference, it may not be in the context or its toString() returned null. /templates/macros/page/navigation.vm[line 15, column 51]
2018-02-23 22:53:59,960 - Left side ($active_tab) of '==' operation has null value. If it is a reference, it may not be in the context or its toString() returned null. /templates/macros/page/navigation.vm[line 16, column 51]
2018-02-23 22:53:59,960 - VM #includeLead: too few arguments to macro. Wanted 2 got 1
2018-02-23 22:53:59,962 - VM #includeBrief: too few arguments to macro. Wanted 5 got 3
2018-02-23 22:53:59,963 - VM #includeBrief: too few arguments to macro. Wanted 5 got 4
2018-02-23 22:53:59,996 - VM #includeBrief: too few arguments to macro. Wanted 5 got 4
2018-02-23 22:53:59,999 - VM #includeBrief: too few arguments to macro. Wanted 5 got 4
2018-02-23 22:54:00,109 - VM #includeBrief: too few arguments to macro. Wanted 5 got 4
2018-02-23 22:54:00,111 - ResourceManager : found /templates/footer.html with loader org.apache.velocity.runtime.resource.loader.ClasspathResourceLoader
2018-02-23 22:54:00,115 - Log4JLogChute initialized using file '.\Reports\GeneratdReports\Sandbox\2018-02-23\velocity.log'
2018-02-23 22:54:00,116 - Initializing Velocity, Calling init()...
2018-02-23 22:54:00,116 - Starting Apache Velocity v1.7 (compiled: 2010-11-19 12:14:37)
2018-02-23 22:54:00,116 - Default Properties File: org\apache\velocity\runtime\defaults\velocity.properties
2018-02-23 22:54:00,116 - Trying to use logger class org.apache.velocity.runtime.log.AvalonLogChute
2018-02-23 22:54:00,116 - Target log system for org.apache.velocity.runtime.log.AvalonLogChute is not available (java.lang.NoClassDefFoundError: org/apache/log/format/Formatter).  Falling back to next log system...
2018-02-23 22:54:00,116 - Trying to use logger class org.apache.velocity.runtime.log.Log4JLogChute
2018-02-23 22:54:00,116 - Using logger class org.apache.velocity.runtime.log.Log4JLogChute
2018-02-23 22:54:00,116 - ResourceLoader instantiated: org.apache.velocity.runtime.resource.loader.ClasspathResourceLoader
2018-02-23 22:54:00,116 - ResourceCache: initialized (class org.apache.velocity.runtime.resource.ResourceCacheImpl) with class java.util.Collections$SynchronizedMap cache map.
2018-02-23 22:54:00,118 - Loaded System Directive: org.apache.velocity.runtime.directive.Stop
2018-02-23 22:54:00,118 - Loaded System Directive: org.apache.velocity.runtime.directive.Define
2018-02-23 22:54:00,118 - Loaded System Directive: org.apache.velocity.runtime.directive.Break
2018-02-23 22:54:00,118 - Loaded System Directive: org.apache.velocity.runtime.directive.Evaluate
2018-02-23 22:54:00,119 - Loaded System Directive: org.apache.velocity.runtime.directive.Literal
2018-02-23 22:54:00,119 - Loaded System Directive: org.apache.velocity.runtime.directive.Macro
2018-02-23 22:54:00,119 - Loaded System Directive: org.apache.velocity.runtime.directive.Parse
2018-02-23 22:54:00,119 - Loaded System Directive: org.apache.velocity.runtime.directive.Include
2018-02-23 22:54:00,119 - Loaded System Directive: org.apache.velocity.runtime.directive.Foreach
2018-02-23 22:54:00,120 - Created '20' parsers.
2018-02-23 22:54:00,120 - Velocimacro : "velocimacro.library" is not set.  Trying default library: VM_global_library.vm
2018-02-23 22:54:00,121 - Could not load resource 'VM_global_library.vm' from ResourceLoader org.apache.velocity.runtime.resource.loader.ClasspathResourceLoader: ClasspathResourceLoader Error: cannot find resource VM_global_library.vm
2018-02-23 22:54:00,121 - Velocimacro : Default library not found.
2018-02-23 22:54:00,121 - Velocimacro : allowInline = true : VMs can be defined inline in templates
2018-02-23 22:54:00,121 - Velocimacro : allowInlineToOverride = false : VMs defined inline may NOT replace previous VM definitions
2018-02-23 22:54:00,121 - Velocimacro : allowInlineLocal = false : VMs defined inline will be global in scope if allowed.
2018-02-23 22:54:00,121 - Velocimacro : autoload off : VM system will not automatically reload global library macros
2018-02-23 22:54:00,139 - ResourceManager : found templates/generators/tagsOverview.vm with loader org.apache.velocity.runtime.resource.loader.ClasspathResourceLoader
2018-02-23 22:54:00,142 - ResourceManager : found /templates/headers.vm with loader org.apache.velocity.runtime.resource.loader.ClasspathResourceLoader
2018-02-23 22:54:00,142 - ResourceManager : found /templates/head.html with loader org.apache.velocity.runtime.resource.loader.ClasspathResourceLoader
2018-02-23 22:54:00,143 - Velocimacro : added VM includeTitle: source=/templates/macros/page/title.vm
2018-02-23 22:54:00,143 - ResourceManager : found /templates/macros/page/title.vm with loader org.apache.velocity.runtime.resource.loader.ClasspathResourceLoader
2018-02-23 22:54:00,147 - Velocimacro : added VM includeNavigation: source=/templates/macros/page/navigation.vm
2018-02-23 22:54:00,147 - ResourceManager : found /templates/macros/page/navigation.vm with loader org.apache.velocity.runtime.resource.loader.ClasspathResourceLoader
2018-02-23 22:54:00,163 - Velocimacro : added VM includeBuildInfo: source=/templates/macros/page/buildinfo.vm
2018-02-23 22:54:00,163 - ResourceManager : found /templates/macros/page/buildinfo.vm with loader org.apache.velocity.runtime.resource.loader.ClasspathResourceLoader
2018-02-23 22:54:00,165 - Velocimacro : added VM includeLead: source=/templates/macros/page/lead.vm
2018-02-23 22:54:00,165 - ResourceManager : found /templates/macros/page/lead.vm with loader org.apache.velocity.runtime.resource.loader.ClasspathResourceLoader
2018-02-23 22:54:00,170 - Velocimacro : added VM includeStatsTable: source=/templates/macros/report/statsTable.vm
2018-02-23 22:54:00,175 - ResourceManager : found /templates/macros/report/statsTable.vm with loader org.apache.velocity.runtime.resource.loader.ClasspathResourceLoader
2018-02-23 22:54:00,177 - Velocimacro : added VM includeReportTable: source=/templates/macros/report/reportTable.vm
2018-02-23 22:54:00,178 - ResourceManager : found /templates/macros/report/reportTable.vm with loader org.apache.velocity.runtime.resource.loader.ClasspathResourceLoader
2018-02-23 22:54:00,179 - Velocimacro : added VM includeReportHeader: source=/templates/macros/report/reportHeader.vm
2018-02-23 22:54:00,179 - ResourceManager : found /templates/macros/report/reportHeader.vm with loader org.apache.velocity.runtime.resource.loader.ClasspathResourceLoader
2018-02-23 22:54:00,182 - Velocimacro : added VM includeElements: source=/templates/macros/report/elements.vm
2018-02-23 22:54:00,182 - ResourceManager : found /templates/macros/report/elements.vm with loader org.apache.velocity.runtime.resource.loader.ClasspathResourceLoader
2018-02-23 22:54:00,184 - Velocimacro : added VM includeBrief: source=/templates/macros/report/brief.vm
2018-02-23 22:54:00,184 - ResourceManager : found /templates/macros/report/brief.vm with loader org.apache.velocity.runtime.resource.loader.ClasspathResourceLoader
2018-02-23 22:54:00,185 - Velocimacro : added VM includeTags: source=/templates/macros/report/tags.vm
2018-02-23 22:54:00,186 - ResourceManager : found /templates/macros/report/tags.vm with loader org.apache.velocity.runtime.resource.loader.ClasspathResourceLoader
2018-02-23 22:54:00,188 - Velocimacro : added VM includeEmbeddings: source=/templates/macros/report/embeddings.vm
2018-02-23 22:54:00,188 - Velocimacro : added VM includeImageEmbedding: source=/templates/macros/report/embeddings.vm
2018-02-23 22:54:00,188 - Velocimacro : added VM includeMonochromeTextEmbedding: source=/templates/macros/report/embeddings.vm
2018-02-23 22:54:00,189 - Velocimacro : added VM includePlainTextEmbedding: source=/templates/macros/report/embeddings.vm
2018-02-23 22:54:00,189 - Velocimacro : added VM includeUnknownEmbedding: source=/templates/macros/report/embeddings.vm
2018-02-23 22:54:00,189 - Velocimacro : added VM includeExpandableEmbedding: source=/templates/macros/report/embeddings.vm
2018-02-23 22:54:00,189 - ResourceManager : found /templates/macros/report/embeddings.vm with loader org.apache.velocity.runtime.resource.loader.ClasspathResourceLoader
2018-02-23 22:54:00,191 - Velocimacro : added VM includeHooks: source=/templates/macros/report/hooks.vm
2018-02-23 22:54:00,191 - ResourceManager : found /templates/macros/report/hooks.vm with loader org.apache.velocity.runtime.resource.loader.ClasspathResourceLoader
2018-02-23 22:54:00,192 - Velocimacro : added VM includeDuration: source=/templates/macros/report/duration.vm
2018-02-23 22:54:00,192 - ResourceManager : found /templates/macros/report/duration.vm with loader org.apache.velocity.runtime.resource.loader.ClasspathResourceLoader
2018-02-23 22:54:00,193 - Velocimacro : added VM includeMessage: source=/templates/macros/report/message.vm
2018-02-23 22:54:00,193 - ResourceManager : found /templates/macros/report/message.vm with loader org.apache.velocity.runtime.resource.loader.ClasspathResourceLoader
2018-02-23 22:54:00,196 - ResourceManager : found /templates/footer.html with loader org.apache.velocity.runtime.resource.loader.ClasspathResourceLoader
2018-02-23 22:54:00,201 - Log4JLogChute initialized using file '.\Reports\GeneratdReports\Sandbox\2018-02-23\velocity.log'
2018-02-23 22:54:00,202 - Initializing Velocity, Calling init()...
2018-02-23 22:54:00,202 - Starting Apache Velocity v1.7 (compiled: 2010-11-19 12:14:37)
2018-02-23 22:54:00,202 - Default Properties File: org\apache\velocity\runtime\defaults\velocity.properties
2018-02-23 22:54:00,202 - Trying to use logger class org.apache.velocity.runtime.log.AvalonLogChute
2018-02-23 22:54:00,202 - Target log system for org.apache.velocity.runtime.log.AvalonLogChute is not available (java.lang.NoClassDefFoundError: org/apache/log/format/Formatter).  Falling back to next log system...
2018-02-23 22:54:00,202 - Trying to use logger class org.apache.velocity.runtime.log.Log4JLogChute
2018-02-23 22:54:00,202 - Using logger class org.apache.velocity.runtime.log.Log4JLogChute
2018-02-23 22:54:00,203 - ResourceLoader instantiated: org.apache.velocity.runtime.resource.loader.ClasspathResourceLoader
2018-02-23 22:54:00,203 - ResourceCache: initialized (class org.apache.velocity.runtime.resource.ResourceCacheImpl) with class java.util.Collections$SynchronizedMap cache map.
2018-02-23 22:54:00,203 - Loaded System Directive: org.apache.velocity.runtime.directive.Stop
2018-02-23 22:54:00,204 - Loaded System Directive: org.apache.velocity.runtime.directive.Define
2018-02-23 22:54:00,204 - Loaded System Directive: org.apache.velocity.runtime.directive.Break
2018-02-23 22:54:00,204 - Loaded System Directive: org.apache.velocity.runtime.directive.Evaluate
2018-02-23 22:54:00,204 - Loaded System Directive: org.apache.velocity.runtime.directive.Literal
2018-02-23 22:54:00,204 - Loaded System Directive: org.apache.velocity.runtime.directive.Macro
2018-02-23 22:54:00,204 - Loaded System Directive: org.apache.velocity.runtime.directive.Parse
2018-02-23 22:54:00,204 - Loaded System Directive: org.apache.velocity.runtime.directive.Include
2018-02-23 22:54:00,204 - Loaded System Directive: org.apache.velocity.runtime.directive.Foreach
2018-02-23 22:54:00,205 - Created '20' parsers.
2018-02-23 22:54:00,205 - Velocimacro : "velocimacro.library" is not set.  Trying default library: VM_global_library.vm
2018-02-23 22:54:00,206 - Could not load resource 'VM_global_library.vm' from ResourceLoader org.apache.velocity.runtime.resource.loader.ClasspathResourceLoader: ClasspathResourceLoader Error: cannot find resource VM_global_library.vm
2018-02-23 22:54:00,206 - Velocimacro : Default library not found.
2018-02-23 22:54:00,206 - Velocimacro : allowInline = true : VMs can be defined inline in templates
2018-02-23 22:54:00,206 - Velocimacro : allowInlineToOverride = false : VMs defined inline may NOT replace previous VM definitions
2018-02-23 22:54:00,206 - Velocimacro : allowInlineLocal = false : VMs defined inline will be global in scope if allowed.
2018-02-23 22:54:00,206 - Velocimacro : autoload off : VM system will not automatically reload global library macros
2018-02-23 22:54:00,286 - ResourceManager : found templates/generators/tagReport.vm with loader org.apache.velocity.runtime.resource.loader.ClasspathResourceLoader
2018-02-23 22:54:00,288 - ResourceManager : found /templates/headers.vm with loader org.apache.velocity.runtime.resource.loader.ClasspathResourceLoader
2018-02-23 22:54:00,289 - ResourceManager : found /templates/head.html with loader org.apache.velocity.runtime.resource.loader.ClasspathResourceLoader
2018-02-23 22:54:00,290 - Velocimacro : added VM includeTitle: source=/templates/macros/page/title.vm
2018-02-23 22:54:00,290 - ResourceManager : found /templates/macros/page/title.vm with loader org.apache.velocity.runtime.resource.loader.ClasspathResourceLoader
2018-02-23 22:54:00,291 - Velocimacro : added VM includeNavigation: source=/templates/macros/page/navigation.vm
2018-02-23 22:54:00,291 - ResourceManager : found /templates/macros/page/navigation.vm with loader org.apache.velocity.runtime.resource.loader.ClasspathResourceLoader
2018-02-23 22:54:00,292 - Velocimacro : added VM includeBuildInfo: source=/templates/macros/page/buildinfo.vm
2018-02-23 22:54:00,292 - ResourceManager : found /templates/macros/page/buildinfo.vm with loader org.apache.velocity.runtime.resource.loader.ClasspathResourceLoader
2018-02-23 22:54:00,293 - Velocimacro : added VM includeLead: source=/templates/macros/page/lead.vm
2018-02-23 22:54:00,293 - ResourceManager : found /templates/macros/page/lead.vm with loader org.apache.velocity.runtime.resource.loader.ClasspathResourceLoader
2018-02-23 22:54:00,295 - Velocimacro : added VM includeStatsTable: source=/templates/macros/report/statsTable.vm
2018-02-23 22:54:00,295 - ResourceManager : found /templates/macros/report/statsTable.vm with loader org.apache.velocity.runtime.resource.loader.ClasspathResourceLoader
2018-02-23 22:54:00,296 - Velocimacro : added VM includeReportTable: source=/templates/macros/report/reportTable.vm
2018-02-23 22:54:00,296 - ResourceManager : found /templates/macros/report/reportTable.vm with loader org.apache.velocity.runtime.resource.loader.ClasspathResourceLoader
2018-02-23 22:54:00,298 - Velocimacro : added VM includeReportHeader: source=/templates/macros/report/reportHeader.vm
2018-02-23 22:54:00,298 - ResourceManager : found /templates/macros/report/reportHeader.vm with loader org.apache.velocity.runtime.resource.loader.ClasspathResourceLoader
2018-02-23 22:54:00,300 - Velocimacro : added VM includeElements: source=/templates/macros/report/elements.vm
2018-02-23 22:54:00,300 - ResourceManager : found /templates/macros/report/elements.vm with loader org.apache.velocity.runtime.resource.loader.ClasspathResourceLoader
2018-02-23 22:54:00,302 - Velocimacro : added VM includeBrief: source=/templates/macros/report/brief.vm
2018-02-23 22:54:00,302 - ResourceManager : found /templates/macros/report/brief.vm with loader org.apache.velocity.runtime.resource.loader.ClasspathResourceLoader
2018-02-23 22:54:00,303 - Velocimacro : added VM includeTags: source=/templates/macros/report/tags.vm
2018-02-23 22:54:00,303 - ResourceManager : found /templates/macros/report/tags.vm with loader org.apache.velocity.runtime.resource.loader.ClasspathResourceLoader
2018-02-23 22:54:00,305 - Velocimacro : added VM includeEmbeddings: source=/templates/macros/report/embeddings.vm
2018-02-23 22:54:00,306 - Velocimacro : added VM includeImageEmbedding: source=/templates/macros/report/embeddings.vm
2018-02-23 22:54:00,306 - Velocimacro : added VM includeMonochromeTextEmbedding: source=/templates/macros/report/embeddings.vm
2018-02-23 22:54:00,306 - Velocimacro : added VM includePlainTextEmbedding: source=/templates/macros/report/embeddings.vm
2018-02-23 22:54:00,306 - Velocimacro : added VM includeUnknownEmbedding: source=/templates/macros/report/embeddings.vm
2018-02-23 22:54:00,306 - Velocimacro : added VM includeExpandableEmbedding: source=/templates/macros/report/embeddings.vm
2018-02-23 22:54:00,306 - ResourceManager : found /templates/macros/report/embeddings.vm with loader org.apache.velocity.runtime.resource.loader.ClasspathResourceLoader
2018-02-23 22:54:00,308 - Velocimacro : added VM includeHooks: source=/templates/macros/report/hooks.vm
2018-02-23 22:54:00,308 - ResourceManager : found /templates/macros/report/hooks.vm with loader org.apache.velocity.runtime.resource.loader.ClasspathResourceLoader
2018-02-23 22:54:00,309 - Velocimacro : added VM includeDuration: source=/templates/macros/report/duration.vm
2018-02-23 22:54:00,310 - ResourceManager : found /templates/macros/report/duration.vm with loader org.apache.velocity.runtime.resource.loader.ClasspathResourceLoader
2018-02-23 22:54:00,314 - Velocimacro : added VM includeMessage: source=/templates/macros/report/message.vm
2018-02-23 22:54:00,314 - ResourceManager : found /templates/macros/report/message.vm with loader org.apache.velocity.runtime.resource.loader.ClasspathResourceLoader
2018-02-23 22:54:00,314 - VM #includeNavigation: too few arguments to macro. Wanted 1 got 0
2018-02-23 22:54:00,315 - Left side ($active_tab) of '==' operation has null value. If it is a reference, it may not be in the context or its toString() returned null. /templates/macros/page/navigation.vm[line 14, column 51]
2018-02-23 22:54:00,315 - Left side ($active_tab) of '==' operation has null value. If it is a reference, it may not be in the context or its toString() returned null. /templates/macros/page/navigation.vm[line 15, column 51]
2018-02-23 22:54:00,315 - Left side ($active_tab) of '==' operation has null value. If it is a reference, it may not be in the context or its toString() returned null. /templates/macros/page/navigation.vm[line 16, column 51]
2018-02-23 22:54:00,315 - VM #includeLead: too few arguments to macro. Wanted 2 got 1
2018-02-23 22:54:00,316 - VM #includeBrief: too few arguments to macro. Wanted 5 got 4
2018-02-23 22:54:00,317 - VM #includeBrief: too few arguments to macro. Wanted 5 got 4
2018-02-23 22:54:00,318 - VM #includeBrief: too few arguments to macro. Wanted 5 got 4
2018-02-23 22:54:00,397 - VM #includeBrief: too few arguments to macro. Wanted 5 got 4
2018-02-23 22:54:00,399 - ResourceManager : found /templates/footer.html with loader org.apache.velocity.runtime.resource.loader.ClasspathResourceLoader
,202 - Default Properties File: org\apache\velocity\runtime\defaults\velocity.properties
2018-02-23 22:54:00,202 - Default Properties File: org\apache\velocity\runtime\defaults\velocity.properties
2018-02-23 22:54:00,202 - Trying to use logger class org.apache.velocity.runtime.log.AvalonLogChute
2018-02-23 22:54:00,202 - Trying to use logger class org.apache.velocity.runtime.log.AvalonLogChute
2018-02-23 22:54:00,202 - Trying to use logger class org.apache.velocity.runtime.log.AvalonLogChute
2018-02-23 22:54:00,202 - Target log system for org.apache.velocity.runtime.log.AvalonLogChute is not available (java.lang.NoClassDefFoundError: org/apache/log/format/Formatter).  Falling back to next log system...
2018-02-23 22:54:00,202 - Target log system for org.apache.velocity.runtime.log.AvalonLogChute is not available (java.lang.NoClassDefFoundError: org/apache/log/format/Formatter).  Falling back to next log system...
2018-02-23 22:54:00,202 - Target log system for org.apache.velocity.runtime.log.AvalonLogChute is not available (java.lang.NoClassDefFoundError: org/apache/log/format/Formatter).  Falling back to next log system...
2018-02-23 22:54:00,202 - Trying to use logger class org.apache.velocity.runtime.log.Log4JLogChute
2018-02-23 22:54:00,202 - Trying to use logger class org.apache.velocity.runtime.log.Log4JLogChute
2018-02-23 22:54:00,202 - Trying to use logger class org.apache.velocity.runtime.log.Log4JLogChute
2018-02-23 22:54:00,202 - Using logger class org.apache.velocity.runtime.log.Log4JLogChute
2018-02-23 22:54:00,202 - Using logger class org.apache.velocity.runtime.log.Log4JLogChute
2018-02-23 22:54:00,202 - Using logger class org.apache.velocity.runtime.log.Log4JLogChute
2018-02-23 22:54:00,203 - ResourceLoader instantiated: org.apache.velocity.runtime.resource.loader.ClasspathResourceLoader
2018-02-23 22:54:00,203 - ResourceLoader instantiated: org.apache.velocity.runtime.resource.loader.ClasspathResourceLoader
2018-02-23 22:54:00,203 - ResourceLoader instantiated: org.apache.velocity.runtime.resource.loader.ClasspathResourceLoader
2018-02-23 22:54:00,203 - ResourceCache: initialized (class org.apache.velocity.runtime.resource.ResourceCacheImpl) with class java.util.Collections$SynchronizedMap cache map.
2018-02-23 22:54:00,203 - ResourceCache: initialized (class org.apache.velocity.runtime.resource.ResourceCacheImpl) with class java.util.Collections$SynchronizedMap cache map.
2018-02-23 22:54:00,203 - ResourceCache: initialized (class org.apache.velocity.runtime.resource.ResourceCacheImpl) with class java.util.Collections$SynchronizedMap cache map.
2018-02-23 22:54:00,203 - Loaded System Directive: org.apache.velocity.runtime.directive.Stop
2018-02-23 22:54:00,203 - Loaded System Directive: org.apache.velocity.runtime.directive.Stop
2018-02-23 22:54:00,203 - Loaded System Directive: org.apache.velocity.runtime.directive.Stop
2018-02-23 22:54:00,204 - Loaded System Directive: org.apache.velocity.runtime.directive.Define
2018-02-23 22:54:00,204 - Loaded System Directive: org.apache.velocity.runtime.directive.Define
2018-02-23 22:54:00,204 - Loaded System Directive: org.apache.velocity.runtime.directive.Define
2018-02-23 22:54:00,204 - Loaded System Directive: org.apache.velocity.runtime.directive.Break
2018-02-23 22:54:00,204 - Loaded System Directive: org.apache.velocity.runtime.directive.Break
2018-02-23 22:54:00,204 - Loaded System Directive: org.apache.velocity.runtime.directive.Break
2018-02-23 22:54:00,204 - Loaded System Directive: org.apache.velocity.runtime.directive.Evaluate
2018-02-23 22:54:00,204 - Loaded System Directive: org.apache.velocity.runtime.directive.Evaluate
2018-02-23 22:54:00,204 - Loaded System Directive: org.apache.velocity.runtime.directive.Evaluate
2018-02-23 22:54:00,204 - Loaded System Directive: org.apache.velocity.runtime.directive.Literal
2018-02-23 22:54:00,204 - Loaded System Directive: org.apache.velocity.runtime.directive.Literal
2018-02-23 22:54:00,204 - Loaded System Directive: org.apache.velocity.runtime.directive.Literal
2018-02-23 22:54:00,204 - Loaded System Directive: org.apache.velocity.runtime.directive.Macro
2018-02-23 22:54:00,204 - Loaded System Directive: org.apache.velocity.runtime.directive.Macro
2018-02-23 22:54:00,204 - Loaded System Directive: org.apache.velocity.runtime.directive.Macro
2018-02-23 22:54:00,204 - Loaded System Directive: org.apache.velocity.runtime.directive.Parse
2018-02-23 22:54:00,204 - Loaded System Directive: org.apache.velocity.runtime.directive.Parse
2018-02-23 22:54:00,204 - Loaded System Directive: org.apache.velocity.runtime.directive.Parse
2018-02-23 22:54:00,204 - Loaded System Directive: org.apache.velocity.runtime.directive.Include
2018-02-23 22:54:00,204 - Loaded System Directive: org.apache.velocity.runtime.directive.Include
2018-02-23 22:54:00,204 - Loaded System Directive: org.apache.velocity.runtime.directive.Include
2018-02-23 22:54:00,204 - Loaded System Directive: org.apache.velocity.runtime.directive.Foreach
2018-02-23 22:54:00,204 - Loaded System Directive: org.apache.velocity.runtime.directive.Foreach
2018-02-23 22:54:00,204 - Loaded System Directive: org.apache.velocity.runtime.directive.Foreach
2018-02-23 22:54:00,205 - Created '20' parsers.
2018-02-23 22:54:00,205 - Created '20' parsers.
2018-02-23 22:54:00,205 - Created '20' parsers.
2018-02-23 22:54:00,205 - Velocimacro : "velocimacro.library" is not set.  Trying default library: VM_global_library.vm
2018-02-23 22:54:00,205 - Velocimacro : "velocimacro.library" is not set.  Trying default library: VM_global_library.vm
2018-02-23 22:54:00,205 - Velocimacro : "velocimacro.library" is not set.  Trying default library: VM_global_library.vm
2018-02-23 22:54:00,206 - Could not load resource 'VM_global_library.vm' from ResourceLoader org.apache.velocity.runtime.resource.loader.ClasspathResourceLoader: ClasspathResourceLoader Error: cannot find resource VM_global_library.vm
2018-02-23 22:54:00,206 - Could not load resource 'VM_global_library.vm' from ResourceLoader org.apache.velocity.runtime.resource.loader.ClasspathResourceLoader: ClasspathResourceLoader Error: cannot find resource VM_global_library.vm
2018-02-23 22:54:00,206 - Could not load resource 'VM_global_library.vm' from ResourceLoader org.apache.velocity.runtime.resource.loader.ClasspathResourceLoader: ClasspathResourceLoader Error: cannot find resource VM_global_library.vm
2018-02-23 22:54:00,206 - Velocimacro : Default library not found.
2018-02-23 22:54:00,206 - Velocimacro : Default library not found.
2018-02-23 22:54:00,206 - Velocimacro : Default library not found.
2018-02-23 22:54:00,206 - Velocimacro : allowInline = true : VMs can be defined inline in templates
2018-02-23 22:54:00,206 - Velocimacro : allowInline = true : VMs can be defined inline in templates
2018-02-23 22:54:00,206 - Velocimacro : allowInline = true : VMs can be defined inline in templates
2018-02-23 22:54:00,206 - Velocimacro : allowInlineToOverride = false : VMs defined inline may NOT replace previous VM definitions
2018-02-23 22:54:00,206 - Velocimacro : allowInlineToOverride = false : VMs defined inline may NOT replace previous VM definitions
2018-02-23 22:54:00,206 - Velocimacro : allowInlineToOverride = false : VMs defined inline may NOT replace previous VM definitions
2018-02-23 22:54:00,206 - Velocimacro : allowInlineLocal = false : VMs defined inline will be global in scope if allowed.
2018-02-23 22:54:00,206 - Velocimacro : allowInlineLocal = false : VMs defined inline will be global in scope if allowed.
2018-02-23 22:54:00,206 - Velocimacro : allowInlineLocal = false : VMs defined inline will be global in scope if allowed.
2018-02-23 22:54:00,206 - Velocimacro : autoload off : VM system will not automatically reload global library macros
2018-02-23 22:54:00,206 - Velocimacro : autoload off : VM system will not automatically reload global library macros
2018-02-23 22:54:00,206 - Velocimacro : autoload off : VM system will not automatically reload global library macros
2018-02-23 22:54:00,286 - ResourceManager : found templates/generators/tagReport.vm with loader org.apache.velocity.runtime.resource.loader.ClasspathResourceLoader
2018-02-23 22:54:00,286 - ResourceManager : found templates/generators/tagReport.vm with loader org.apache.velocity.runtime.resource.loader.ClasspathResourceLoader
2018-02-23 22:54:00,286 - ResourceManager : found templates/generators/tagReport.vm with loader org.apache.velocity.runtime.resource.loader.ClasspathResourceLoader
2018-02-23 22:54:00,288 - ResourceManager : found /templates/headers.vm with loader org.apache.velocity.runtime.resource.loader.ClasspathResourceLoader
2018-02-23 22:54:00,288 - ResourceManager : found /templates/headers.vm with loader org.apache.velocity.runtime.resource.loader.ClasspathResourceLoader
2018-02-23 22:54:00,288 - ResourceManager : found /templates/headers.vm with loader org.apache.velocity.runtime.resource.loader.ClasspathResourceLoader
2018-02-23 22:54:00,289 - ResourceManager : found /templates/head.html with loader org.apache.velocity.runtime.resource.loader.ClasspathResourceLoader
2018-02-23 22:54:00,289 - ResourceManager : found /templates/head.html with loader org.apache.velocity.runtime.resource.loader.ClasspathResourceLoader
2018-02-23 22:54:00,289 - ResourceManager : found /templates/head.html with loader org.apache.velocity.runtime.resource.loader.ClasspathResourceLoader
2018-02-23 22:54:00,290 - Velocimacro : added VM includeTitle: source=/templates/macros/page/title.vm
2018-02-23 22:54:00,290 - Velocimacro : added VM includeTitle: source=/templates/macros/page/title.vm
2018-02-23 22:54:00,290 - Velocimacro : added VM includeTitle: source=/templates/macros/page/title.vm
2018-02-23 22:54:00,290 - ResourceManager : found /templates/macros/page/title.vm with loader org.apache.velocity.runtime.resource.loader.ClasspathResourceLoader
2018-02-23 22:54:00,290 - ResourceManager : found /templates/macros/page/title.vm with loader org.apache.velocity.runtime.resource.loader.ClasspathResourceLoader
2018-02-23 22:54:00,290 - ResourceManager : found /templates/macros/page/title.vm with loader org.apache.velocity.runtime.resource.loader.ClasspathResourceLoader
2018-02-23 22:54:00,291 - Velocimacro : added VM includeNavigation: source=/templates/macros/page/navigation.vm
2018-02-23 22:54:00,291 - Velocimacro : added VM includeNavigation: source=/templates/macros/page/navigation.vm
2018-02-23 22:54:00,291 - Velocimacro : added VM includeNavigation: source=/templates/macros/page/navigation.vm
2018-02-23 22:54:00,291 - ResourceManager : found /templates/macros/page/navigation.vm with loader org.apache.velocity.runtime.resource.loader.ClasspathResourceLoader
2018-02-23 22:54:00,291 - ResourceManager : found /templates/macros/page/navigation.vm with loader org.apache.velocity.runtime.resource.loader.ClasspathResourceLoader
2018-02-23 22:54:00,291 - ResourceManager : found /templates/macros/page/navigation.vm with loader org.apache.velocity.runtime.resource.loader.ClasspathResourceLoader
2018-02-23 22:54:00,292 - Velocimacro : added VM includeBuildInfo: source=/templates/macros/page/buildinfo.vm
2018-02-23 22:54:00,292 - Velocimacro : added VM includeBuildInfo: source=/templates/macros/page/buildinfo.vm
2018-02-23 22:54:00,292 - Velocimacro : added VM includeBuildInfo: source=/templates/macros/page/buildinfo.vm
2018-02-23 22:54:00,292 - ResourceManager : found /templates/macros/page/buildinfo.vm with loader org.apache.velocity.runtime.resource.loader.ClasspathResourceLoader
2018-02-23 22:54:00,292 - ResourceManager : found /templates/macros/page/buildinfo.vm with loader org.apache.velocity.runtime.resource.loader.ClasspathResourceLoader
2018-02-23 22:54:00,292 - ResourceManager : found /templates/macros/page/buildinfo.vm with loader org.apache.velocity.runtime.resource.loader.ClasspathResourceLoader
2018-02-23 22:54:00,293 - Velocimacro : added VM includeLead: source=/templates/macros/page/lead.vm
2018-02-23 22:54:00,293 - Velocimacro : added VM includeLead: source=/templates/macros/page/lead.vm
2018-02-23 22:54:00,293 - Velocimacro : added VM includeLead: source=/templates/macros/page/lead.vm
2018-02-23 22:54:00,293 - ResourceManager : found /templates/macros/page/lead.vm with loader org.apache.velocity.runtime.resource.loader.ClasspathResourceLoader
2018-02-23 22:54:00,293 - ResourceManager : found /templates/macros/page/lead.vm with loader org.apache.velocity.runtime.resource.loader.ClasspathResourceLoader
2018-02-23 22:54:00,293 - ResourceManager : found /templates/macros/page/lead.vm with loader org.apache.velocity.runtime.resource.loader.ClasspathResourceLoader
2018-02-23 22:54:00,295 - Velocimacro : added VM includeStatsTable: source=/templates/macros/report/statsTable.vm
2018-02-23 22:54:00,295 - Velocimacro : added VM includeStatsTable: source=/templates/macros/report/statsTable.vm
2018-02-23 22:54:00,295 - Velocimacro : added VM includeStatsTable: source=/templates/macros/report/statsTable.vm
2018-02-23 22:54:00,295 - ResourceManager : found /templates/macros/report/statsTable.vm with loader org.apache.velocity.runtime.resource.loader.ClasspathResourceLoader
2018-02-23 22:54:00,295 - ResourceManager : found /templates/macros/report/statsTable.vm with loader org.apache.velocity.runtime.resource.loader.ClasspathResourceLoader
2018-02-23 22:54:00,295 - ResourceManager : found /templates/macros/report/statsTable.vm with loader org.apache.velocity.runtime.resource.loader.ClasspathResourceLoader
2018-02-23 22:54:00,296 - Velocimacro : added VM includeReportTable: source=/templates/macros/report/reportTable.vm
2018-02-23 22:54:00,296 - Velocimacro : added VM includeReportTable: source=/templates/macros/report/reportTable.vm
2018-02-23 22:54:00,296 - Velocimacro : added VM includeReportTable: source=/templates/macros/report/reportTable.vm
2018-02-23 22:54:00,296 - ResourceManager : found /templates/macros/report/reportTable.vm with loader org.apache.velocity.runtime.resource.loader.ClasspathResourceLoader
2018-02-23 22:54:00,296 - ResourceManager : found /templates/macros/report/reportTable.vm with loader org.apache.velocity.runtime.resource.loader.ClasspathResourceLoader
2018-02-23 22:54:00,296 - ResourceManager : found /templates/macros/report/reportTable.vm with loader org.apache.velocity.runtime.resource.loader.ClasspathResourceLoader
2018-02-23 22:54:00,298 - Velocimacro : added VM includeReportHeader: source=/templates/macros/report/reportHeader.vm
2018-02-23 22:54:00,298 - Velocimacro : added VM includeReportHeader: source=/templates/macros/report/reportHeader.vm
2018-02-23 22:54:00,298 - Velocimacro : added VM includeReportHeader: source=/templates/macros/report/reportHeader.vm
2018-02-23 22:54:00,298 - ResourceManager : found /templates/macros/report/reportHeader.vm with loader org.apache.velocity.runtime.resource.loader.ClasspathResourceLoader
2018-02-23 22:54:00,298 - ResourceManager : found /templates/macros/report/reportHeader.vm with loader org.apache.velocity.runtime.resource.loader.ClasspathResourceLoader
2018-02-23 22:54:00,298 - ResourceManager : found /templates/macros/report/reportHeader.vm with loader org.apache.velocity.runtime.resource.loader.ClasspathResourceLoader
2018-02-23 22:54:00,300 - Velocimacro : added VM includeElements: source=/templates/macros/report/elements.vm
2018-02-23 22:54:00,300 - Velocimacro : added VM includeElements: source=/templates/macros/report/elements.vm
2018-02-23 22:54:00,300 - Velocimacro : added VM includeElements: source=/templates/macros/report/elements.vm
2018-02-23 22:54:00,300 - ResourceManager : found /templates/macros/report/elements.vm with loader org.apache.velocity.runtime.resource.loader.ClasspathResourceLoader
2018-02-23 22:54:00,300 - ResourceManager : found /templates/macros/report/elements.vm with loader org.apache.velocity.runtime.resource.loader.ClasspathResourceLoader
2018-02-23 22:54:00,300 - ResourceManager : found /templates/macros/report/elements.vm with loader org.apache.velocity.runtime.resource.loader.ClasspathResourceLoader
2018-02-23 22:54:00,302 - Velocimacro : added VM includeBrief: source=/templates/macros/report/brief.vm
2018-02-23 22:54:00,302 - Velocimacro : added VM includeBrief: source=/templates/macros/report/brief.vm
2018-02-23 22:54:00,302 - Velocimacro : added VM includeBrief: source=/templates/macros/report/brief.vm
2018-02-23 22:54:00,302 - ResourceManager : found /templates/macros/report/brief.vm with loader org.apache.velocity.runtime.resource.loader.ClasspathResourceLoader
2018-02-23 22:54:00,302 - ResourceManager : found /templates/macros/report/brief.vm with loader org.apache.velocity.runtime.resource.loader.ClasspathResourceLoader
2018-02-23 22:54:00,302 - ResourceManager : found /templates/macros/report/brief.vm with loader org.apache.velocity.runtime.resource.loader.ClasspathResourceLoader
2018-02-23 22:54:00,303 - Velocimacro : added VM includeTags: source=/templates/macros/report/tags.vm
2018-02-23 22:54:00,303 - Velocimacro : added VM includeTags: source=/templates/macros/report/tags.vm
2018-02-23 22:54:00,303 - Velocimacro : added VM includeTags: source=/templates/macros/report/tags.vm
2018-02-23 22:54:00,303 - ResourceManager : found /templates/macros/report/tags.vm with loader org.apache.velocity.runtime.resource.loader.ClasspathResourceLoader
2018-02-23 22:54:00,303 - ResourceManager : found /templates/macros/report/tags.vm with loader org.apache.velocity.runtime.resource.loader.ClasspathResourceLoader
2018-02-23 22:54:00,303 - ResourceManager : found /templates/macros/report/tags.vm with loader org.apache.velocity.runtime.resource.loader.ClasspathResourceLoader
2018-02-23 22:54:00,305 - Velocimacro : added VM includeEmbeddings: source=/templates/macros/report/embeddings.vm
2018-02-23 22:54:00,305 - Velocimacro : added VM includeEmbeddings: source=/templates/macros/report/embeddings.vm
2018-02-23 22:54:00,305 - Velocimacro : added VM includeEmbeddings: source=/templates/macros/report/embeddings.vm
2018-02-23 22:54:00,306 - Velocimacro : added VM includeImageEmbedding: source=/templates/macros/report/embeddings.vm
2018-02-23 22:54:00,306 - Velocimacro : added VM includeImageEmbedding: source=/templates/macros/report/embeddings.vm
2018-02-23 22:54:00,306 - Velocimacro : added VM includeImageEmbedding: source=/templates/macros/report/embeddings.vm
2018-02-23 22:54:00,306 - Velocimacro : added VM includeMonochromeTextEmbedding: source=/templates/macros/report/embeddings.vm
2018-02-23 22:54:00,306 - Velocimacro : added VM includeMonochromeTextEmbedding: source=/templates/macros/report/embeddings.vm
2018-02-23 22:54:00,306 - Velocimacro : added VM includeMonochromeTextEmbedding: source=/templates/macros/report/embeddings.vm
2018-02-23 22:54:00,306 - Velocimacro : added VM includePlainTextEmbedding: source=/templates/macros/report/embeddings.vm
2018-02-23 22:54:00,306 - Velocimacro : added VM includePlainTextEmbedding: source=/templates/macros/report/embeddings.vm
2018-02-23 22:54:00,306 - Velocimacro : added VM includePlainTextEmbedding: source=/templates/macros/report/embeddings.vm
2018-02-23 22:54:00,306 - Velocimacro : added VM includeUnknownEmbedding: source=/templates/macros/report/embeddings.vm
2018-02-23 22:54:00,306 - Velocimacro : added VM includeUnknownEmbedding: source=/templates/macros/report/embeddings.vm
2018-02-23 22:54:00,306 - Velocimacro : added VM includeUnknownEmbedding: source=/templates/macros/report/embeddings.vm
2018-02-23 22:54:00,306 - Velocimacro : added VM includeExpandableEmbedding: source=/templates/macros/report/embeddings.vm
2018-02-23 22:54:00,306 - Velocimacro : added VM includeExpandableEmbedding: source=/templates/macros/report/embeddings.vm
2018-02-23 22:54:00,306 - Velocimacro : added VM includeExpandableEmbedding: source=/templates/macros/report/embeddings.vm
2018-02-23 22:54:00,306 - ResourceManager : found /templates/macros/report/embeddings.vm with loader org.apache.velocity.runtime.resource.loader.ClasspathResourceLoader
2018-02-23 22:54:00,306 - ResourceManager : found /templates/macros/report/embeddings.vm with loader org.apache.velocity.runtime.resource.loader.ClasspathResourceLoader
2018-02-23 22:54:00,306 - ResourceManager : found /templates/macros/report/embeddings.vm with loader org.apache.velocity.runtime.resource.loader.ClasspathResourceLoader
2018-02-23 22:54:00,308 - Velocimacro : added VM includeHooks: source=/templates/macros/report/hooks.vm
2018-02-23 22:54:00,308 - Velocimacro : added VM includeHooks: source=/templates/macros/report/hooks.vm
2018-02-23 22:54:00,308 - Velocimacro : added VM includeHooks: source=/templates/macros/report/hooks.vm
2018-02-23 22:54:00,308 - ResourceManager : found /templates/macros/report/hooks.vm with loader org.apache.velocity.runtime.resource.loader.ClasspathResourceLoader
2018-02-23 22:54:00,308 - ResourceManager : found /templates/macros/report/hooks.vm with loader org.apache.velocity.runtime.resource.loader.ClasspathResourceLoader
2018-02-23 22:54:00,308 - ResourceManager : found /templates/macros/report/hooks.vm with loader org.apache.velocity.runtime.resource.loader.ClasspathResourceLoader
2018-02-23 22:54:00,309 - Velocimacro : added VM includeDuration: source=/templates/macros/report/duration.vm
2018-02-23 22:54:00,309 - Velocimacro : added VM includeDuration: source=/templates/macros/report/duration.vm
2018-02-23 22:54:00,309 - Velocimacro : added VM includeDuration: source=/templates/macros/report/duration.vm
2018-02-23 22:54:00,310 - ResourceManager : found /templates/macros/report/duration.vm with loader org.apache.velocity.runtime.resource.loader.ClasspathResourceLoader
2018-02-23 22:54:00,310 - ResourceManager : found /templates/macros/report/duration.vm with loader org.apache.velocity.runtime.resource.loader.ClasspathResourceLoader
2018-02-23 22:54:00,310 - ResourceManager : found /templates/macros/report/duration.vm with loader org.apache.velocity.runtime.resource.loader.ClasspathResourceLoader
2018-02-23 22:54:00,314 - Velocimacro : added VM includeMessage: source=/templates/macros/report/message.vm
2018-02-23 22:54:00,314 - Velocimacro : added VM includeMessage: source=/templates/macros/report/message.vm
2018-02-23 22:54:00,314 - Velocimacro : added VM includeMessage: source=/templates/macros/report/message.vm
2018-02-23 22:54:00,314 - ResourceManager : found /templates/macros/report/message.vm with loader org.apache.velocity.runtime.resource.loader.ClasspathResourceLoader
2018-02-23 22:54:00,314 - ResourceManager : found /templates/macros/report/message.vm with loader org.apache.velocity.runtime.resource.loader.ClasspathResourceLoader
2018-02-23 22:54:00,314 - ResourceManager : found /templates/macros/report/message.vm with loader org.apache.velocity.runtime.resource.loader.ClasspathResourceLoader
2018-02-23 22:54:00,314 - VM #includeNavigation: too few arguments to macro. Wanted 1 got 0
2018-02-23 22:54:00,314 - VM #includeNavigation: too few arguments to macro. Wanted 1 got 0
2018-02-23 22:54:00,314 - VM #includeNavigation: too few arguments to macro. Wanted 1 got 0
2018-02-23 22:54:00,315 - Left side ($active_tab) of '==' operation has null value. If it is a reference, it may not be in the context or its toString() returned null. /templates/macros/page/navigation.vm[line 14, column 51]
2018-02-23 22:54:00,315 - Left side ($active_tab) of '==' operation has null value. If it is a reference, it may not be in the context or its toString() returned null. /templates/macros/page/navigation.vm[line 14, column 51]
2018-02-23 22:54:00,315 - Left side ($active_tab) of '==' operation has null value. If it is a reference, it may not be in the context or its toString() returned null. /templates/macros/page/navigation.vm[line 14, column 51]
2018-02-23 22:54:00,315 - Left side ($active_tab) of '==' operation has null value. If it is a reference, it may not be in the context or its toString() returned null. /templates/macros/page/navigation.vm[line 15, column 51]
2018-02-23 22:54:00,315 - Left side ($active_tab) of '==' operation has null value. If it is a reference, it may not be in the context or its toString() returned null. /templates/macros/page/navigation.vm[line 15, column 51]
2018-02-23 22:54:00,315 - Left side ($active_tab) of '==' operation has null value. If it is a reference, it may not be in the context or its toString() returned null. /templates/macros/page/navigation.vm[line 15, column 51]
2018-02-23 22:54:00,315 - Left side ($active_tab) of '==' operation has null value. If it is a reference, it may not be in the context or its toString() returned null. /templates/macros/page/navigation.vm[line 16, column 51]
2018-02-23 22:54:00,315 - Left side ($active_tab) of '==' operation has null value. If it is a reference, it may not be in the context or its toString() returned null. /templates/macros/page/navigation.vm[line 16, column 51]
2018-02-23 22:54:00,315 - Left side ($active_tab) of '==' operation has null value. If it is a reference, it may not be in the context or its toString() returned null. /templates/macros/page/navigation.vm[line 16, column 51]
2018-02-23 22:54:00,315 - VM #includeLead: too few arguments to macro. Wanted 2 got 1
2018-02-23 22:54:00,315 - VM #includeLead: too few arguments to macro. Wanted 2 got 1
2018-02-23 22:54:00,315 - VM #includeLead: too few arguments to macro. Wanted 2 got 1
2018-02-23 22:54:00,316 - VM #includeBrief: too few arguments to macro. Wanted 5 got 4
2018-02-23 22:54:00,316 - VM #includeBrief: too few arguments to macro. Wanted 5 got 4
2018-02-23 22:54:00,316 - VM #includeBrief: too few arguments to macro. Wanted 5 got 4
2018-02-23 22:54:00,317 - VM #includeBrief: too few arguments to macro. Wanted 5 got 4
2018-02-23 22:54:00,317 - VM #includeBrief: too few arguments to macro. Wanted 5 got 4
2018-02-23 22:54:00,317 - VM #includeBrief: too few arguments to macro. Wanted 5 got 4
2018-02-23 22:54:00,318 - VM #includeBrief: too few arguments to macro. Wanted 5 got 4
2018-02-23 22:54:00,318 - VM #includeBrief: too few arguments to macro. Wanted 5 got 4
2018-02-23 22:54:00,318 - VM #includeBrief: too few arguments to macro. Wanted 5 got 4
2018-02-23 22:54:00,397 - VM #includeBrief: too few arguments to macro. Wanted 5 got 4
2018-02-23 22:54:00,397 - VM #includeBrief: too few arguments to macro. Wanted 5 got 4
2018-02-23 22:54:00,397 - VM #includeBrief: too few arguments to macro. Wanted 5 got 4
2018-02-23 22:54:00,399 - ResourceManager : found /templates/footer.html with loader org.apache.velocity.runtime.resource.loader.ClasspathResourceLoader
2018-02-23 22:54:00,399 - ResourceManager : found /templates/footer.html with loader org.apache.velocity.runtime.resource.loader.ClasspathResourceLoader
2018-02-23 22:54:00,399 - ResourceManager : found /templates/footer.html with loader org.apache.velocity.runtime.resource.loader.ClasspathResourceLoader
2018-02-23 22:54:00,492 - Log4JLogChute initialized using file '.\Reports\GeneratdReports\Sandbox\2018-02-23\velocity.log'
2018-02-23 22:54:00,492 - Initializing Velocity, Calling init()...
2018-02-23 22:54:00,492 - Starting Apache Velocity v1.7 (compiled: 2010-11-19 12:14:37)
2018-02-23 22:54:00,492 - Default Properties File: org\apache\velocity\runtime\defaults\velocity.properties
2018-02-23 22:54:00,492 - Trying to use logger class org.apache.velocity.runtime.log.AvalonLogChute
2018-02-23 22:54:00,492 - Target log system for org.apache.velocity.runtime.log.AvalonLogChute is not available (java.lang.NoClassDefFoundError: org/apache/log/format/Formatter).  Falling back to next log system...
2018-02-23 22:54:00,492 - Trying to use logger class org.apache.velocity.runtime.log.Log4JLogChute
2018-02-23 22:54:00,492 - Using logger class org.apache.velocity.runtime.log.Log4JLogChute
2018-02-23 22:54:00,492 - ResourceLoader instantiated: org.apache.velocity.runtime.resource.loader.ClasspathResourceLoader
2018-02-23 22:54:00,492 - ResourceCache: initialized (class org.apache.velocity.runtime.resource.ResourceCacheImpl) with class java.util.Collections$SynchronizedMap cache map.
2018-02-23 22:54:00,493 - Loaded System Directive: org.apache.velocity.runtime.directive.Stop
2018-02-23 22:54:00,493 - Loaded System Directive: org.apache.velocity.runtime.directive.Define
2018-02-23 22:54:00,493 - Loaded System Directive: org.apache.velocity.runtime.directive.Break
2018-02-23 22:54:00,493 - Loaded System Directive: org.apache.velocity.runtime.directive.Evaluate
2018-02-23 22:54:00,493 - Loaded System Directive: org.apache.velocity.runtime.directive.Literal
2018-02-23 22:54:00,493 - Loaded System Directive: org.apache.velocity.runtime.directive.Macro
2018-02-23 22:54:00,493 - Loaded System Directive: org.apache.velocity.runtime.directive.Parse
2018-02-23 22:54:00,493 - Loaded System Directive: org.apache.velocity.runtime.directive.Include
2018-02-23 22:54:00,493 - Loaded System Directive: org.apache.velocity.runtime.directive.Foreach
2018-02-23 22:54:00,494 - Created '20' parsers.
2018-02-23 22:54:00,494 - Velocimacro : "velocimacro.library" is not set.  Trying default library: VM_global_library.vm
2018-02-23 22:54:00,495 - Could not load resource 'VM_global_library.vm' from ResourceLoader org.apache.velocity.runtime.resource.loader.ClasspathResourceLoader: ClasspathResourceLoader Error: cannot find resource VM_global_library.vm
2018-02-23 22:54:00,495 - Velocimacro : Default library not found.
2018-02-23 22:54:00,495 - Velocimacro : allowInline = true : VMs can be defined inline in templates
2018-02-23 22:54:00,495 - Velocimacro : allowInlineToOverride = false : VMs defined inline may NOT replace previous VM definitions
2018-02-23 22:54:00,495 - Velocimacro : allowInlineLocal = false : VMs defined inline will be global in scope if allowed.
2018-02-23 22:54:00,495 - Velocimacro : autoload off : VM system will not automatically reload global library macros
2018-02-23 22:54:00,500 - ResourceManager : found templates/generators/stepsOverview.vm with loader org.apache.velocity.runtime.resource.loader.ClasspathResourceLoader
2018-02-23 22:54:00,512 - ResourceManager : found /templates/headers.vm with loader org.apache.velocity.runtime.resource.loader.ClasspathResourceLoader
2018-02-23 22:54:00,512 - ResourceManager : found /templates/head.html with loader org.apache.velocity.runtime.resource.loader.ClasspathResourceLoader
2018-02-23 22:54:00,513 - Velocimacro : added VM includeTitle: source=/templates/macros/page/title.vm
2018-02-23 22:54:00,513 - ResourceManager : found /templates/macros/page/title.vm with loader org.apache.velocity.runtime.resource.loader.ClasspathResourceLoader
2018-02-23 22:54:00,514 - Velocimacro : added VM includeNavigation: source=/templates/macros/page/navigation.vm
2018-02-23 22:54:00,514 - ResourceManager : found /templates/macros/page/navigation.vm with loader org.apache.velocity.runtime.resource.loader.ClasspathResourceLoader
2018-02-23 22:54:00,515 - Velocimacro : added VM includeBuildInfo: source=/templates/macros/page/buildinfo.vm
2018-02-23 22:54:00,515 - ResourceManager : found /templates/macros/page/buildinfo.vm with loader org.apache.velocity.runtime.resource.loader.ClasspathResourceLoader
2018-02-23 22:54:00,516 - Velocimacro : added VM includeLead: source=/templates/macros/page/lead.vm
2018-02-23 22:54:00,516 - ResourceManager : found /templates/macros/page/lead.vm with loader org.apache.velocity.runtime.resource.loader.ClasspathResourceLoader
2018-02-23 22:54:00,518 - Velocimacro : added VM includeStatsTable: source=/templates/macros/report/statsTable.vm
2018-02-23 22:54:00,518 - ResourceManager : found /templates/macros/report/statsTable.vm with loader org.apache.velocity.runtime.resource.loader.ClasspathResourceLoader
2018-02-23 22:54:00,520 - Velocimacro : added VM includeReportTable: source=/templates/macros/report/reportTable.vm
2018-02-23 22:54:00,520 - ResourceManager : found /templates/macros/report/reportTable.vm with loader org.apache.velocity.runtime.resource.loader.ClasspathResourceLoader
2018-02-23 22:54:00,521 - Velocimacro : added VM includeReportHeader: source=/templates/macros/report/reportHeader.vm
2018-02-23 22:54:00,521 - ResourceManager : found /templates/macros/report/reportHeader.vm with loader org.apache.velocity.runtime.resource.loader.ClasspathResourceLoader
2018-02-23 22:54:00,523 - Velocimacro : added VM includeElements: source=/templates/macros/report/elements.vm
2018-02-23 22:54:00,523 - ResourceManager : found /templates/macros/report/elements.vm with loader org.apache.velocity.runtime.resource.loader.ClasspathResourceLoader
2018-02-23 22:54:00,524 - Velocimacro : added VM includeBrief: source=/templates/macros/report/brief.vm
2018-02-23 22:54:00,525 - ResourceManager : found /templates/macros/report/brief.vm with loader org.apache.velocity.runtime.resource.loader.ClasspathResourceLoader
2018-02-23 22:54:00,525 - Velocimacro : added VM includeTags: source=/templates/macros/report/tags.vm
2018-02-23 22:54:00,525 - ResourceManager : found /templates/macros/report/tags.vm with loader org.apache.velocity.runtime.resource.loader.ClasspathResourceLoader
2018-02-23 22:54:00,527 - Velocimacro : added VM includeEmbeddings: source=/templates/macros/report/embeddings.vm
2018-02-23 22:54:00,528 - Velocimacro : added VM includeImageEmbedding: source=/templates/macros/report/embeddings.vm
2018-02-23 22:54:00,528 - Velocimacro : added VM includeMonochromeTextEmbedding: source=/templates/macros/report/embeddings.vm
2018-02-23 22:54:00,528 - Velocimacro : added VM includePlainTextEmbedding: source=/templates/macros/report/embeddings.vm
2018-02-23 22:54:00,528 - Velocimacro : added VM includeUnknownEmbedding: source=/templates/macros/report/embeddings.vm
2018-02-23 22:54:00,528 - Velocimacro : added VM includeExpandableEmbedding: source=/templates/macros/report/embeddings.vm
2018-02-23 22:54:00,528 - ResourceManager : found /templates/macros/report/embeddings.vm with loader org.apache.velocity.runtime.resource.loader.ClasspathResourceLoader
2018-02-23 22:54:00,530 - Velocimacro : added VM includeHooks: source=/templates/macros/report/hooks.vm
2018-02-23 22:54:00,530 - ResourceManager : found /templates/macros/report/hooks.vm with loader org.apache.velocity.runtime.resource.loader.ClasspathResourceLoader
2018-02-23 22:54:00,531 - Velocimacro : added VM includeDuration: source=/templates/macros/report/duration.vm
2018-02-23 22:54:00,531 - ResourceManager : found /templates/macros/report/duration.vm with loader org.apache.velocity.runtime.resource.loader.ClasspathResourceLoader
2018-02-23 22:54:00,531 - Velocimacro : added VM includeMessage: source=/templates/macros/report/message.vm
2018-02-23 22:54:00,532 - ResourceManager : found /templates/macros/report/message.vm with loader org.apache.velocity.runtime.resource.loader.ClasspathResourceLoader
2018-02-23 22:54:00,561 - ResourceManager : found /templates/footer.html with loader org.apache.velocity.runtime.resource.loader.ClasspathResourceLoader
