2018-01-16 23:30:43,007 - Initializing Velocity, Calling init()...
2018-01-16 23:30:43,007 - Starting Apache Velocity v1.7 (compiled: 2010-11-19 12:14:37)
2018-01-16 23:30:43,007 - Default Properties File: org\apache\velocity\runtime\defaults\velocity.properties
2018-01-16 23:30:43,007 - Trying to use logger class org.apache.velocity.runtime.log.AvalonLogChute
2018-01-16 23:30:43,007 - Target log system for org.apache.velocity.runtime.log.AvalonLogChute is not available (java.lang.NoClassDefFoundError: org/apache/log/format/Formatter).  Falling back to next log system...
2018-01-16 23:30:43,007 - Trying to use logger class org.apache.velocity.runtime.log.Log4JLogChute
2018-01-16 23:30:43,007 - Using logger class org.apache.velocity.runtime.log.Log4JLogChute
2018-01-16 23:30:43,008 - ResourceLoader instantiated: org.apache.velocity.runtime.resource.loader.ClasspathResourceLoader
2018-01-16 23:30:43,008 - ResourceCache: initialized (class org.apache.velocity.runtime.resource.ResourceCacheImpl) with class java.util.Collections$SynchronizedMap cache map.
2018-01-16 23:30:43,009 - Loaded System Directive: org.apache.velocity.runtime.directive.Stop
2018-01-16 23:30:43,009 - Loaded System Directive: org.apache.velocity.runtime.directive.Define
2018-01-16 23:30:43,009 - Loaded System Directive: org.apache.velocity.runtime.directive.Break
2018-01-16 23:30:43,009 - Loaded System Directive: org.apache.velocity.runtime.directive.Evaluate
2018-01-16 23:30:43,009 - Loaded System Directive: org.apache.velocity.runtime.directive.Literal
2018-01-16 23:30:43,009 - Loaded System Directive: org.apache.velocity.runtime.directive.Macro
2018-01-16 23:30:43,009 - Loaded System Directive: org.apache.velocity.runtime.directive.Parse
2018-01-16 23:30:43,009 - Loaded System Directive: org.apache.velocity.runtime.directive.Include
2018-01-16 23:30:43,009 - Loaded System Directive: org.apache.velocity.runtime.directive.Foreach
2018-01-16 23:30:43,012 - Created '20' parsers.
2018-01-16 23:30:43,012 - Velocimacro : "velocimacro.library" is not set.  Trying default library: VM_global_library.vm
2018-01-16 23:30:43,013 - Could not load resource 'VM_global_library.vm' from ResourceLoader org.apache.velocity.runtime.resource.loader.ClasspathResourceLoader: ClasspathResourceLoader Error: cannot find resource VM_global_library.vm
2018-01-16 23:30:43,013 - Velocimacro : Default library not found.
2018-01-16 23:30:43,013 - Velocimacro : allowInline = true : VMs can be defined inline in templates
2018-01-16 23:30:43,013 - Velocimacro : allowInlineToOverride = false : VMs defined inline may NOT replace previous VM definitions
2018-01-16 23:30:43,013 - Velocimacro : allowInlineLocal = false : VMs defined inline will be global in scope if allowed.
2018-01-16 23:30:43,013 - Velocimacro : autoload off : VM system will not automatically reload global library macros
2018-01-16 23:30:43,016 - ResourceManager : found templates/generators/tagReport.vm with loader org.apache.velocity.runtime.resource.loader.ClasspathResourceLoader
2018-01-16 23:30:43,020 - ResourceManager : found /templates/headers.vm with loader org.apache.velocity.runtime.resource.loader.ClasspathResourceLoader
2018-01-16 23:30:43,021 - ResourceManager : found /templates/head.html with loader org.apache.velocity.runtime.resource.loader.ClasspathResourceLoader
2018-01-16 23:30:43,022 - Velocimacro : added VM includeTitle: source=/templates/macros/page/title.vm
2018-01-16 23:30:43,022 - ResourceManager : found /templates/macros/page/title.vm with loader org.apache.velocity.runtime.resource.loader.ClasspathResourceLoader
2018-01-16 23:30:43,028 - Velocimacro : added VM includeNavigation: source=/templates/macros/page/navigation.vm
2018-01-16 23:30:43,028 - ResourceManager : found /templates/macros/page/navigation.vm with loader org.apache.velocity.runtime.resource.loader.ClasspathResourceLoader
2018-01-16 23:30:43,029 - Velocimacro : added VM includeBuildInfo: source=/templates/macros/page/buildinfo.vm
2018-01-16 23:30:43,029 - ResourceManager : found /templates/macros/page/buildinfo.vm with loader org.apache.velocity.runtime.resource.loader.ClasspathResourceLoader
2018-01-16 23:30:43,029 - Velocimacro : added VM includeLead: source=/templates/macros/page/lead.vm
2018-01-16 23:30:43,029 - ResourceManager : found /templates/macros/page/lead.vm with loader org.apache.velocity.runtime.resource.loader.ClasspathResourceLoader
2018-01-16 23:30:43,031 - Velocimacro : added VM includeStatsTable: source=/templates/macros/report/statsTable.vm
2018-01-16 23:30:43,031 - ResourceManager : found /templates/macros/report/statsTable.vm with loader org.apache.velocity.runtime.resource.loader.ClasspathResourceLoader
2018-01-16 23:30:43,032 - Velocimacro : added VM includeReportTable: source=/templates/macros/report/reportTable.vm
2018-01-16 23:30:43,033 - ResourceManager : found /templates/macros/report/reportTable.vm with loader org.apache.velocity.runtime.resource.loader.ClasspathResourceLoader
2018-01-16 23:30:43,033 - Velocimacro : added VM includeReportHeader: source=/templates/macros/report/reportHeader.vm
2018-01-16 23:30:43,033 - ResourceManager : found /templates/macros/report/reportHeader.vm with loader org.apache.velocity.runtime.resource.loader.ClasspathResourceLoader
2018-01-16 23:30:43,036 - Velocimacro : added VM includeElements: source=/templates/macros/report/elements.vm
2018-01-16 23:30:43,036 - ResourceManager : found /templates/macros/report/elements.vm with loader org.apache.velocity.runtime.resource.loader.ClasspathResourceLoader
2018-01-16 23:30:43,037 - Velocimacro : added VM includeBrief: source=/templates/macros/report/brief.vm
2018-01-16 23:30:43,037 - ResourceManager : found /templates/macros/report/brief.vm with loader org.apache.velocity.runtime.resource.loader.ClasspathResourceLoader
2018-01-16 23:30:43,037 - Velocimacro : added VM includeTags: source=/templates/macros/report/tags.vm
2018-01-16 23:30:43,038 - ResourceManager : found /templates/macros/report/tags.vm with loader org.apache.velocity.runtime.resource.loader.ClasspathResourceLoader
2018-01-16 23:30:43,040 - Velocimacro : added VM includeEmbeddings: source=/templates/macros/report/embeddings.vm
2018-01-16 23:30:43,040 - Velocimacro : added VM includeImageEmbedding: source=/templates/macros/report/embeddings.vm
2018-01-16 23:30:43,040 - Velocimacro : added VM includeMonochromeTextEmbedding: source=/templates/macros/report/embeddings.vm
2018-01-16 23:30:43,040 - Velocimacro : added VM includePlainTextEmbedding: source=/templates/macros/report/embeddings.vm
2018-01-16 23:30:43,042 - Velocimacro : added VM includeUnknownEmbedding: source=/templates/macros/report/embeddings.vm
2018-01-16 23:30:43,042 - Velocimacro : added VM includeExpandableEmbedding: source=/templates/macros/report/embeddings.vm
2018-01-16 23:30:43,042 - ResourceManager : found /templates/macros/report/embeddings.vm with loader org.apache.velocity.runtime.resource.loader.ClasspathResourceLoader
2018-01-16 23:30:43,044 - Velocimacro : added VM includeHooks: source=/templates/macros/report/hooks.vm
2018-01-16 23:30:43,044 - ResourceManager : found /templates/macros/report/hooks.vm with loader org.apache.velocity.runtime.resource.loader.ClasspathResourceLoader
2018-01-16 23:30:43,045 - Velocimacro : added VM includeDuration: source=/templates/macros/report/duration.vm
2018-01-16 23:30:43,045 - ResourceManager : found /templates/macros/report/duration.vm with loader org.apache.velocity.runtime.resource.loader.ClasspathResourceLoader
2018-01-16 23:30:43,046 - Velocimacro : added VM includeMessage: source=/templates/macros/report/message.vm
2018-01-16 23:30:43,046 - ResourceManager : found /templates/macros/report/message.vm with loader org.apache.velocity.runtime.resource.loader.ClasspathResourceLoader
2018-01-16 23:30:43,046 - VM #includeNavigation: too few arguments to macro. Wanted 1 got 0
2018-01-16 23:30:43,046 - Left side ($active_tab) of '==' operation has null value. If it is a reference, it may not be in the context or its toString() returned null. /templates/macros/page/navigation.vm[line 14, column 51]
2018-01-16 23:30:43,046 - Left side ($active_tab) of '==' operation has null value. If it is a reference, it may not be in the context or its toString() returned null. /templates/macros/page/navigation.vm[line 15, column 51]
2018-01-16 23:30:43,047 - Left side ($active_tab) of '==' operation has null value. If it is a reference, it may not be in the context or its toString() returned null. /templates/macros/page/navigation.vm[line 16, column 51]
2018-01-16 23:30:43,047 - VM #includeLead: too few arguments to macro. Wanted 2 got 1
2018-01-16 23:30:43,048 - VM #includeBrief: too few arguments to macro. Wanted 5 got 4
2018-01-16 23:30:43,048 - VM #includeBrief: too few arguments to macro. Wanted 5 got 4
2018-01-16 23:30:43,049 - VM #includeBrief: too few arguments to macro. Wanted 5 got 4
2018-01-16 23:30:43,060 - VM #includeBrief: too few arguments to macro. Wanted 5 got 4
2018-01-16 23:30:43,061 - ResourceManager : found /templates/footer.html with loader org.apache.velocity.runtime.resource.loader.ClasspathResourceLoader
2018-01-16 23:30:43,066 - Log4JLogChute initialized using file '.\Reports\GeneratdReports\Sandbox\2018-01-16\velocity.log'
2018-01-16 23:30:43,066 - Initializing Velocity, Calling init()...
2018-01-16 23:30:43,066 - Starting Apache Velocity v1.7 (compiled: 2010-11-19 12:14:37)
2018-01-16 23:30:43,066 - Default Properties File: org\apache\velocity\runtime\defaults\velocity.properties
2018-01-16 23:30:43,066 - Trying to use logger class org.apache.velocity.runtime.log.AvalonLogChute
2018-01-16 23:30:43,066 - Target log system for org.apache.velocity.runtime.log.AvalonLogChute is not available (java.lang.NoClassDefFoundError: org/apache/log/format/Formatter).  Falling back to next log system...
2018-01-16 23:30:43,066 - Trying to use logger class org.apache.velocity.runtime.log.Log4JLogChute
2018-01-16 23:30:43,066 - Using logger class org.apache.velocity.runtime.log.Log4JLogChute
2018-01-16 23:30:43,066 - ResourceLoader instantiated: org.apache.velocity.runtime.resource.loader.ClasspathResourceLoader
2018-01-16 23:30:43,066 - ResourceCache: initialized (class org.apache.velocity.runtime.resource.ResourceCacheImpl) with class java.util.Collections$SynchronizedMap cache map.
2018-01-16 23:30:43,068 - Loaded System Directive: org.apache.velocity.runtime.directive.Stop
2018-01-16 23:30:43,068 - Loaded System Directive: org.apache.velocity.runtime.directive.Define
2018-01-16 23:30:43,068 - Loaded System Directive: org.apache.velocity.runtime.directive.Break
2018-01-16 23:30:43,068 - Loaded System Directive: org.apache.velocity.runtime.directive.Evaluate
2018-01-16 23:30:43,069 - Loaded System Directive: org.apache.velocity.runtime.directive.Literal
2018-01-16 23:30:43,069 - Loaded System Directive: org.apache.velocity.runtime.directive.Macro
2018-01-16 23:30:43,069 - Loaded System Directive: org.apache.velocity.runtime.directive.Parse
2018-01-16 23:30:43,069 - Loaded System Directive: org.apache.velocity.runtime.directive.Include
2018-01-16 23:30:43,069 - Loaded System Directive: org.apache.velocity.runtime.directive.Foreach
2018-01-16 23:30:43,070 - Created '20' parsers.
2018-01-16 23:30:43,070 - Velocimacro : "velocimacro.library" is not set.  Trying default library: VM_global_library.vm
2018-01-16 23:30:43,071 - Could not load resource 'VM_global_library.vm' from ResourceLoader org.apache.velocity.runtime.resource.loader.ClasspathResourceLoader: ClasspathResourceLoader Error: cannot find resource VM_global_library.vm
2018-01-16 23:30:43,071 - Velocimacro : Default library not found.
2018-01-16 23:30:43,071 - Velocimacro : allowInline = true : VMs can be defined inline in templates
2018-01-16 23:30:43,071 - Velocimacro : allowInlineToOverride = false : VMs defined inline may NOT replace previous VM definitions
2018-01-16 23:30:43,071 - Velocimacro : allowInlineLocal = false : VMs defined inline will be global in scope if allowed.
2018-01-16 23:30:43,071 - Velocimacro : autoload off : VM system will not automatically reload global library macros
2018-01-16 23:30:43,079 - ResourceManager : found templates/generators/stepsOverview.vm with loader org.apache.velocity.runtime.resource.loader.ClasspathResourceLoader
2018-01-16 23:30:43,081 - ResourceManager : found /templates/headers.vm with loader org.apache.velocity.runtime.resource.loader.ClasspathResourceLoader
2018-01-16 23:30:43,082 - ResourceManager : found /templates/head.html with loader org.apache.velocity.runtime.resource.loader.ClasspathResourceLoader
2018-01-16 23:30:43,083 - Velocimacro : added VM includeTitle: source=/templates/macros/page/title.vm
2018-01-16 23:30:43,083 - ResourceManager : found /templates/macros/page/title.vm with loader org.apache.velocity.runtime.resource.loader.ClasspathResourceLoader
2018-01-16 23:30:43,084 - Velocimacro : added VM includeNavigation: source=/templates/macros/page/navigation.vm
2018-01-16 23:30:43,084 - ResourceManager : found /templates/macros/page/navigation.vm with loader org.apache.velocity.runtime.resource.loader.ClasspathResourceLoader
2018-01-16 23:30:43,085 - Velocimacro : added VM includeBuildInfo: source=/templates/macros/page/buildinfo.vm
2018-01-16 23:30:43,085 - ResourceManager : found /templates/macros/page/buildinfo.vm with loader org.apache.velocity.runtime.resource.loader.ClasspathResourceLoader
2018-01-16 23:30:43,086 - Velocimacro : added VM includeLead: source=/templates/macros/page/lead.vm
2018-01-16 23:30:43,086 - ResourceManager : found /templates/macros/page/lead.vm with loader org.apache.velocity.runtime.resource.loader.ClasspathResourceLoader
2018-01-16 23:30:43,088 - Velocimacro : added VM includeStatsTable: source=/templates/macros/report/statsTable.vm
2018-01-16 23:30:43,088 - ResourceManager : found /templates/macros/report/statsTable.vm with loader org.apache.velocity.runtime.resource.loader.ClasspathResourceLoader
2018-01-16 23:30:43,089 - Velocimacro : added VM includeReportTable: source=/templates/macros/report/reportTable.vm
2018-01-16 23:30:43,089 - ResourceManager : found /templates/macros/report/reportTable.vm with loader org.apache.velocity.runtime.resource.loader.ClasspathResourceLoader
2018-01-16 23:30:43,090 - Velocimacro : added VM includeReportHeader: source=/templates/macros/report/reportHeader.vm
2018-01-16 23:30:43,090 - ResourceManager : found /templates/macros/report/reportHeader.vm with loader org.apache.velocity.runtime.resource.loader.ClasspathResourceLoader
2018-01-16 23:30:43,094 - Velocimacro : added VM includeElements: source=/templates/macros/report/elements.vm
2018-01-16 23:30:43,094 - ResourceManager : found /templates/macros/report/elements.vm with loader org.apache.velocity.runtime.resource.loader.ClasspathResourceLoader
2018-01-16 23:30:43,095 - Velocimacro : added VM includeBrief: source=/templates/macros/report/brief.vm
2018-01-16 23:30:43,095 - ResourceManager : found /templates/macros/report/brief.vm with loader org.apache.velocity.runtime.resource.loader.ClasspathResourceLoader
2018-01-16 23:30:43,096 - Velocimacro : added VM includeTags: source=/templates/macros/report/tags.vm
2018-01-16 23:30:43,096 - ResourceManager : found /templates/macros/report/tags.vm with loader org.apache.velocity.runtime.resource.loader.ClasspathResourceLoader
2018-01-16 23:30:43,098 - Velocimacro : added VM includeEmbeddings: source=/templates/macros/report/embeddings.vm
2018-01-16 23:30:43,098 - Velocimacro : added VM includeImageEmbedding: source=/templates/macros/report/embeddings.vm
2018-01-16 23:30:43,098 - Velocimacro : added VM includeMonochromeTextEmbedding: source=/templates/macros/report/embeddings.vm
2018-01-16 23:30:43,098 - Velocimacro : added VM includePlainTextEmbedding: source=/templates/macros/report/embeddings.vm
2018-01-16 23:30:43,099 - Velocimacro : added VM includeUnknownEmbedding: source=/templates/macros/report/embeddings.vm
2018-01-16 23:30:43,099 - Velocimacro : added VM includeExpandableEmbedding: source=/templates/macros/report/embeddings.vm
2018-01-16 23:30:43,099 - ResourceManager : found /templates/macros/report/embeddings.vm with loader org.apache.velocity.runtime.resource.loader.ClasspathResourceLoader
2018-01-16 23:30:43,100 - Velocimacro : added VM includeHooks: source=/templates/macros/report/hooks.vm
2018-01-16 23:30:43,101 - ResourceManager : found /templates/macros/report/hooks.vm with loader org.apache.velocity.runtime.resource.loader.ClasspathResourceLoader
2018-01-16 23:30:43,101 - Velocimacro : added VM includeDuration: source=/templates/macros/report/duration.vm
2018-01-16 23:30:43,101 - ResourceManager : found /templates/macros/report/duration.vm with loader org.apache.velocity.runtime.resource.loader.ClasspathResourceLoader
2018-01-16 23:30:43,102 - Velocimacro : added VM includeMessage: source=/templates/macros/report/message.vm
2018-01-16 23:30:43,102 - ResourceManager : found /templates/macros/report/message.vm with loader org.apache.velocity.runtime.resource.loader.ClasspathResourceLoader
2018-01-16 23:30:43,107 - ResourceManager : found /templates/footer.html with loader org.apache.velocity.runtime.resource.loader.ClasspathResourceLoader
 with loader org.apache.velocity.runtime.resource.loader.ClasspathResourceLoader
2018-01-16 23:30:43,107 - ResourceManager : found /templates/footer.html with loader org.apache.velocity.runtime.resource.loader.ClasspathResourceLoader
